<?xml version="1.0" encoding="UTF-8"?>
<testsuite xmlns:xsi="http://www.w3.org/2001/XMLSchema-instance" xsi:noNamespaceSchemaLocation="https://maven.apache.org/surefire/maven-surefire-plugin/xsd/surefire-test-report.xsd" name="com.zgz.BlogApplicationTests" time="12.289" tests="1" errors="0" skipped="0" failures="0">
  <properties>
    <property name="sun.desktop" value="windows"/>
    <property name="awt.toolkit" value="sun.awt.windows.WToolkit"/>
    <property name="java.specification.version" value="11"/>
    <property name="sun.cpu.isalist" value="amd64"/>
    <property name="sun.jnu.encoding" value="GBK"/>
    <property name="java.class.path" value="D:\Studydata\workspace\ideaWorkSpace\JavaStudy\code\springboot-projects\blog\target\test-classes;D:\Studydata\workspace\ideaWorkSpace\JavaStudy\code\springboot-projects\blog\target\classes;E:\IDEA\maven\LocalRepository\org\springframework\boot\spring-boot-starter-jdbc\2.5.4\spring-boot-starter-jdbc-2.5.4.jar;E:\IDEA\maven\LocalRepository\org\springframework\boot\spring-boot-starter\2.5.4\spring-boot-starter-2.5.4.jar;E:\IDEA\maven\LocalRepository\org\springframework\boot\spring-boot-starter-logging\2.5.4\spring-boot-starter-logging-2.5.4.jar;E:\IDEA\maven\LocalRepository\ch\qos\logback\logback-classic\1.2.5\logback-classic-1.2.5.jar;E:\IDEA\maven\LocalRepository\ch\qos\logback\logback-core\1.2.5\logback-core-1.2.5.jar;E:\IDEA\maven\LocalRepository\org\apache\logging\log4j\log4j-to-slf4j\2.14.1\log4j-to-slf4j-2.14.1.jar;E:\IDEA\maven\LocalRepository\org\apache\logging\log4j\log4j-api\2.14.1\log4j-api-2.14.1.jar;E:\IDEA\maven\LocalRepository\org\slf4j\jul-to-slf4j\1.7.32\jul-to-slf4j-1.7.32.jar;E:\IDEA\maven\LocalRepository\jakarta\annotation\jakarta.annotation-api\1.3.5\jakarta.annotation-api-1.3.5.jar;E:\IDEA\maven\LocalRepository\org\yaml\snakeyaml\1.28\snakeyaml-1.28.jar;E:\IDEA\maven\LocalRepository\com\zaxxer\HikariCP\4.0.3\HikariCP-4.0.3.jar;E:\IDEA\maven\LocalRepository\org\slf4j\slf4j-api\1.7.32\slf4j-api-1.7.32.jar;E:\IDEA\maven\LocalRepository\org\springframework\spring-jdbc\5.3.9\spring-jdbc-5.3.9.jar;E:\IDEA\maven\LocalRepository\org\springframework\spring-beans\5.3.9\spring-beans-5.3.9.jar;E:\IDEA\maven\LocalRepository\org\springframework\spring-tx\5.3.9\spring-tx-5.3.9.jar;E:\IDEA\maven\LocalRepository\org\springframework\boot\spring-boot-starter-thymeleaf\2.5.4\spring-boot-starter-thymeleaf-2.5.4.jar;E:\IDEA\maven\LocalRepository\org\thymeleaf\thymeleaf-spring5\3.0.12.RELEASE\thymeleaf-spring5-3.0.12.RELEASE.jar;E:\IDEA\maven\LocalRepository\org\thymeleaf\thymeleaf\3.0.12.RELEASE\thymeleaf-3.0.12.RELEASE.jar;E:\IDEA\maven\LocalRepository\org\attoparser\attoparser\2.0.5.RELEASE\attoparser-2.0.5.RELEASE.jar;E:\IDEA\maven\LocalRepository\org\unbescape\unbescape\1.1.6.RELEASE\unbescape-1.1.6.RELEASE.jar;E:\IDEA\maven\LocalRepository\org\thymeleaf\extras\thymeleaf-extras-java8time\3.0.4.RELEASE\thymeleaf-extras-java8time-3.0.4.RELEASE.jar;E:\IDEA\maven\LocalRepository\org\springframework\boot\spring-boot-starter-web\2.5.4\spring-boot-starter-web-2.5.4.jar;E:\IDEA\maven\LocalRepository\org\springframework\boot\spring-boot-starter-json\2.5.4\spring-boot-starter-json-2.5.4.jar;E:\IDEA\maven\LocalRepository\com\fasterxml\jackson\core\jackson-databind\2.12.4\jackson-databind-2.12.4.jar;E:\IDEA\maven\LocalRepository\com\fasterxml\jackson\core\jackson-annotations\2.12.4\jackson-annotations-2.12.4.jar;E:\IDEA\maven\LocalRepository\com\fasterxml\jackson\core\jackson-core\2.12.4\jackson-core-2.12.4.jar;E:\IDEA\maven\LocalRepository\com\fasterxml\jackson\datatype\jackson-datatype-jdk8\2.12.4\jackson-datatype-jdk8-2.12.4.jar;E:\IDEA\maven\LocalRepository\com\fasterxml\jackson\datatype\jackson-datatype-jsr310\2.12.4\jackson-datatype-jsr310-2.12.4.jar;E:\IDEA\maven\LocalRepository\com\fasterxml\jackson\module\jackson-module-parameter-names\2.12.4\jackson-module-parameter-names-2.12.4.jar;E:\IDEA\maven\LocalRepository\org\springframework\boot\spring-boot-starter-tomcat\2.5.4\spring-boot-starter-tomcat-2.5.4.jar;E:\IDEA\maven\LocalRepository\org\apache\tomcat\embed\tomcat-embed-core\9.0.52\tomcat-embed-core-9.0.52.jar;E:\IDEA\maven\LocalRepository\org\apache\tomcat\embed\tomcat-embed-websocket\9.0.52\tomcat-embed-websocket-9.0.52.jar;E:\IDEA\maven\LocalRepository\org\springframework\spring-web\5.3.9\spring-web-5.3.9.jar;E:\IDEA\maven\LocalRepository\org\springframework\spring-webmvc\5.3.9\spring-webmvc-5.3.9.jar;E:\IDEA\maven\LocalRepository\org\springframework\spring-aop\5.3.9\spring-aop-5.3.9.jar;E:\IDEA\maven\LocalRepository\org\springframework\spring-context\5.3.9\spring-context-5.3.9.jar;E:\IDEA\maven\LocalRepository\org\springframework\spring-expression\5.3.9\spring-expression-5.3.9.jar;E:\IDEA\maven\LocalRepository\org\springframework\boot\spring-boot-devtools\2.5.4\spring-boot-devtools-2.5.4.jar;E:\IDEA\maven\LocalRepository\org\springframework\boot\spring-boot\2.5.4\spring-boot-2.5.4.jar;E:\IDEA\maven\LocalRepository\org\springframework\boot\spring-boot-autoconfigure\2.5.4\spring-boot-autoconfigure-2.5.4.jar;E:\IDEA\maven\LocalRepository\org\springframework\spring-aspects\5.3.9\spring-aspects-5.3.9.jar;E:\IDEA\maven\LocalRepository\org\aspectj\aspectjweaver\1.9.7\aspectjweaver-1.9.7.jar;E:\IDEA\maven\LocalRepository\mysql\mysql-connector-java\8.0.26\mysql-connector-java-8.0.26.jar;E:\IDEA\maven\LocalRepository\org\springframework\boot\spring-boot-starter-data-jpa\2.5.4\spring-boot-starter-data-jpa-2.5.4.jar;E:\IDEA\maven\LocalRepository\org\springframework\boot\spring-boot-starter-aop\2.5.4\spring-boot-starter-aop-2.5.4.jar;E:\IDEA\maven\LocalRepository\jakarta\transaction\jakarta.transaction-api\1.3.3\jakarta.transaction-api-1.3.3.jar;E:\IDEA\maven\LocalRepository\jakarta\persistence\jakarta.persistence-api\2.2.3\jakarta.persistence-api-2.2.3.jar;E:\IDEA\maven\LocalRepository\org\hibernate\hibernate-core\5.4.32.Final\hibernate-core-5.4.32.Final.jar;E:\IDEA\maven\LocalRepository\org\jboss\logging\jboss-logging\3.4.2.Final\jboss-logging-3.4.2.Final.jar;E:\IDEA\maven\LocalRepository\org\javassist\javassist\3.27.0-GA\javassist-3.27.0-GA.jar;E:\IDEA\maven\LocalRepository\net\bytebuddy\byte-buddy\1.10.22\byte-buddy-1.10.22.jar;E:\IDEA\maven\LocalRepository\antlr\antlr\2.7.7\antlr-2.7.7.jar;E:\IDEA\maven\LocalRepository\org\jboss\jandex\2.2.3.Final\jandex-2.2.3.Final.jar;E:\IDEA\maven\LocalRepository\com\fasterxml\classmate\1.5.1\classmate-1.5.1.jar;E:\IDEA\maven\LocalRepository\org\dom4j\dom4j\2.1.3\dom4j-2.1.3.jar;E:\IDEA\maven\LocalRepository\org\hibernate\common\hibernate-commons-annotations\5.1.2.Final\hibernate-commons-annotations-5.1.2.Final.jar;E:\IDEA\maven\LocalRepository\org\glassfish\jaxb\jaxb-runtime\2.3.5\jaxb-runtime-2.3.5.jar;E:\IDEA\maven\LocalRepository\org\glassfish\jaxb\txw2\2.3.5\txw2-2.3.5.jar;E:\IDEA\maven\LocalRepository\com\sun\istack\istack-commons-runtime\3.0.12\istack-commons-runtime-3.0.12.jar;E:\IDEA\maven\LocalRepository\com\sun\activation\jakarta.activation\1.2.2\jakarta.activation-1.2.2.jar;E:\IDEA\maven\LocalRepository\org\springframework\data\spring-data-jpa\2.5.4\spring-data-jpa-2.5.4.jar;E:\IDEA\maven\LocalRepository\org\springframework\data\spring-data-commons\2.5.4\spring-data-commons-2.5.4.jar;E:\IDEA\maven\LocalRepository\org\springframework\spring-orm\5.3.9\spring-orm-5.3.9.jar;E:\IDEA\maven\LocalRepository\org\springframework\boot\spring-boot-starter-validation\2.5.4\spring-boot-starter-validation-2.5.4.jar;E:\IDEA\maven\LocalRepository\org\apache\tomcat\embed\tomcat-embed-el\9.0.52\tomcat-embed-el-9.0.52.jar;E:\IDEA\maven\LocalRepository\org\hibernate\validator\hibernate-validator\6.2.0.Final\hibernate-validator-6.2.0.Final.jar;E:\IDEA\maven\LocalRepository\jakarta\validation\jakarta.validation-api\2.0.2\jakarta.validation-api-2.0.2.jar;E:\IDEA\maven\LocalRepository\org\projectlombok\lombok\1.18.20\lombok-1.18.20.jar;E:\IDEA\maven\LocalRepository\org\commonmark\commonmark\0.18.0\commonmark-0.18.0.jar;E:\IDEA\maven\LocalRepository\org\commonmark\commonmark-ext-gfm-tables\0.18.0\commonmark-ext-gfm-tables-0.18.0.jar;E:\IDEA\maven\LocalRepository\org\commonmark\commonmark-ext-heading-anchor\0.17.0\commonmark-ext-heading-anchor-0.17.0.jar;E:\IDEA\maven\LocalRepository\org\springframework\boot\spring-boot-starter-test\2.5.4\spring-boot-starter-test-2.5.4.jar;E:\IDEA\maven\LocalRepository\org\springframework\boot\spring-boot-test\2.5.4\spring-boot-test-2.5.4.jar;E:\IDEA\maven\LocalRepository\org\springframework\boot\spring-boot-test-autoconfigure\2.5.4\spring-boot-test-autoconfigure-2.5.4.jar;E:\IDEA\maven\LocalRepository\com\jayway\jsonpath\json-path\2.5.0\json-path-2.5.0.jar;E:\IDEA\maven\LocalRepository\net\minidev\json-smart\2.4.7\json-smart-2.4.7.jar;E:\IDEA\maven\LocalRepository\net\minidev\accessors-smart\2.4.7\accessors-smart-2.4.7.jar;E:\IDEA\maven\LocalRepository\org\ow2\asm\asm\9.1\asm-9.1.jar;E:\IDEA\maven\LocalRepository\jakarta\xml\bind\jakarta.xml.bind-api\2.3.3\jakarta.xml.bind-api-2.3.3.jar;E:\IDEA\maven\LocalRepository\jakarta\activation\jakarta.activation-api\1.2.2\jakarta.activation-api-1.2.2.jar;E:\IDEA\maven\LocalRepository\org\assertj\assertj-core\3.19.0\assertj-core-3.19.0.jar;E:\IDEA\maven\LocalRepository\org\hamcrest\hamcrest\2.2\hamcrest-2.2.jar;E:\IDEA\maven\LocalRepository\org\junit\jupiter\junit-jupiter\5.7.2\junit-jupiter-5.7.2.jar;E:\IDEA\maven\LocalRepository\org\junit\jupiter\junit-jupiter-api\5.7.2\junit-jupiter-api-5.7.2.jar;E:\IDEA\maven\LocalRepository\org\apiguardian\apiguardian-api\1.1.0\apiguardian-api-1.1.0.jar;E:\IDEA\maven\LocalRepository\org\opentest4j\opentest4j\1.2.0\opentest4j-1.2.0.jar;E:\IDEA\maven\LocalRepository\org\junit\platform\junit-platform-commons\1.7.2\junit-platform-commons-1.7.2.jar;E:\IDEA\maven\LocalRepository\org\junit\jupiter\junit-jupiter-params\5.7.2\junit-jupiter-params-5.7.2.jar;E:\IDEA\maven\LocalRepository\org\junit\jupiter\junit-jupiter-engine\5.7.2\junit-jupiter-engine-5.7.2.jar;E:\IDEA\maven\LocalRepository\org\junit\platform\junit-platform-engine\1.7.2\junit-platform-engine-1.7.2.jar;E:\IDEA\maven\LocalRepository\org\mockito\mockito-core\3.9.0\mockito-core-3.9.0.jar;E:\IDEA\maven\LocalRepository\net\bytebuddy\byte-buddy-agent\1.10.22\byte-buddy-agent-1.10.22.jar;E:\IDEA\maven\LocalRepository\org\objenesis\objenesis\3.2\objenesis-3.2.jar;E:\IDEA\maven\LocalRepository\org\mockito\mockito-junit-jupiter\3.9.0\mockito-junit-jupiter-3.9.0.jar;E:\IDEA\maven\LocalRepository\org\skyscreamer\jsonassert\1.5.0\jsonassert-1.5.0.jar;E:\IDEA\maven\LocalRepository\com\vaadin\external\google\android-json\0.0.20131108.vaadin1\android-json-0.0.20131108.vaadin1.jar;E:\IDEA\maven\LocalRepository\org\springframework\spring-core\5.3.9\spring-core-5.3.9.jar;E:\IDEA\maven\LocalRepository\org\springframework\spring-jcl\5.3.9\spring-jcl-5.3.9.jar;E:\IDEA\maven\LocalRepository\org\springframework\spring-test\5.3.9\spring-test-5.3.9.jar;E:\IDEA\maven\LocalRepository\org\xmlunit\xmlunit-core\2.8.2\xmlunit-core-2.8.2.jar;E:\IDEA\maven\LocalRepository\com\atlassian\commonmark\commonmark-ext-gfm-tables\0.12.1\commonmark-ext-gfm-tables-0.12.1.jar;E:\IDEA\maven\LocalRepository\com\atlassian\commonmark\commonmark\0.12.1\commonmark-0.12.1.jar;"/>
    <property name="java.vm.vendor" value="Oracle Corporation"/>
    <property name="sun.arch.data.model" value="64"/>
    <property name="user.variant" value=""/>
    <property name="java.vendor.url" value="https://openjdk.java.net/"/>
    <property name="user.timezone" value="Asia/Shanghai"/>
    <property name="java.vm.specification.version" value="11"/>
    <property name="os.name" value="Windows 10"/>
    <property name="sun.java.launcher" value="SUN_STANDARD"/>
    <property name="user.country" value="CN"/>
    <property name="sun.boot.library.path" value="D:\Studydata\java\jdk-11.0.10\bin"/>
    <property name="sun.java.command" value="C:\Users\86152\AppData\Local\Temp\surefire623330604737918718\surefirebooter12410274443338725619.jar C:\Users\86152\AppData\Local\Temp\surefire623330604737918718 2021-12-09T12-13-02_851-jvmRun1 surefire14881161609745055308tmp surefire_016441342871753333349tmp"/>
    <property name="jdk.debug" value="release"/>
    <property name="surefire.test.class.path" value="D:\Studydata\workspace\ideaWorkSpace\JavaStudy\code\springboot-projects\blog\target\test-classes;D:\Studydata\workspace\ideaWorkSpace\JavaStudy\code\springboot-projects\blog\target\classes;E:\IDEA\maven\LocalRepository\org\springframework\boot\spring-boot-starter-jdbc\2.5.4\spring-boot-starter-jdbc-2.5.4.jar;E:\IDEA\maven\LocalRepository\org\springframework\boot\spring-boot-starter\2.5.4\spring-boot-starter-2.5.4.jar;E:\IDEA\maven\LocalRepository\org\springframework\boot\spring-boot-starter-logging\2.5.4\spring-boot-starter-logging-2.5.4.jar;E:\IDEA\maven\LocalRepository\ch\qos\logback\logback-classic\1.2.5\logback-classic-1.2.5.jar;E:\IDEA\maven\LocalRepository\ch\qos\logback\logback-core\1.2.5\logback-core-1.2.5.jar;E:\IDEA\maven\LocalRepository\org\apache\logging\log4j\log4j-to-slf4j\2.14.1\log4j-to-slf4j-2.14.1.jar;E:\IDEA\maven\LocalRepository\org\apache\logging\log4j\log4j-api\2.14.1\log4j-api-2.14.1.jar;E:\IDEA\maven\LocalRepository\org\slf4j\jul-to-slf4j\1.7.32\jul-to-slf4j-1.7.32.jar;E:\IDEA\maven\LocalRepository\jakarta\annotation\jakarta.annotation-api\1.3.5\jakarta.annotation-api-1.3.5.jar;E:\IDEA\maven\LocalRepository\org\yaml\snakeyaml\1.28\snakeyaml-1.28.jar;E:\IDEA\maven\LocalRepository\com\zaxxer\HikariCP\4.0.3\HikariCP-4.0.3.jar;E:\IDEA\maven\LocalRepository\org\slf4j\slf4j-api\1.7.32\slf4j-api-1.7.32.jar;E:\IDEA\maven\LocalRepository\org\springframework\spring-jdbc\5.3.9\spring-jdbc-5.3.9.jar;E:\IDEA\maven\LocalRepository\org\springframework\spring-beans\5.3.9\spring-beans-5.3.9.jar;E:\IDEA\maven\LocalRepository\org\springframework\spring-tx\5.3.9\spring-tx-5.3.9.jar;E:\IDEA\maven\LocalRepository\org\springframework\boot\spring-boot-starter-thymeleaf\2.5.4\spring-boot-starter-thymeleaf-2.5.4.jar;E:\IDEA\maven\LocalRepository\org\thymeleaf\thymeleaf-spring5\3.0.12.RELEASE\thymeleaf-spring5-3.0.12.RELEASE.jar;E:\IDEA\maven\LocalRepository\org\thymeleaf\thymeleaf\3.0.12.RELEASE\thymeleaf-3.0.12.RELEASE.jar;E:\IDEA\maven\LocalRepository\org\attoparser\attoparser\2.0.5.RELEASE\attoparser-2.0.5.RELEASE.jar;E:\IDEA\maven\LocalRepository\org\unbescape\unbescape\1.1.6.RELEASE\unbescape-1.1.6.RELEASE.jar;E:\IDEA\maven\LocalRepository\org\thymeleaf\extras\thymeleaf-extras-java8time\3.0.4.RELEASE\thymeleaf-extras-java8time-3.0.4.RELEASE.jar;E:\IDEA\maven\LocalRepository\org\springframework\boot\spring-boot-starter-web\2.5.4\spring-boot-starter-web-2.5.4.jar;E:\IDEA\maven\LocalRepository\org\springframework\boot\spring-boot-starter-json\2.5.4\spring-boot-starter-json-2.5.4.jar;E:\IDEA\maven\LocalRepository\com\fasterxml\jackson\core\jackson-databind\2.12.4\jackson-databind-2.12.4.jar;E:\IDEA\maven\LocalRepository\com\fasterxml\jackson\core\jackson-annotations\2.12.4\jackson-annotations-2.12.4.jar;E:\IDEA\maven\LocalRepository\com\fasterxml\jackson\core\jackson-core\2.12.4\jackson-core-2.12.4.jar;E:\IDEA\maven\LocalRepository\com\fasterxml\jackson\datatype\jackson-datatype-jdk8\2.12.4\jackson-datatype-jdk8-2.12.4.jar;E:\IDEA\maven\LocalRepository\com\fasterxml\jackson\datatype\jackson-datatype-jsr310\2.12.4\jackson-datatype-jsr310-2.12.4.jar;E:\IDEA\maven\LocalRepository\com\fasterxml\jackson\module\jackson-module-parameter-names\2.12.4\jackson-module-parameter-names-2.12.4.jar;E:\IDEA\maven\LocalRepository\org\springframework\boot\spring-boot-starter-tomcat\2.5.4\spring-boot-starter-tomcat-2.5.4.jar;E:\IDEA\maven\LocalRepository\org\apache\tomcat\embed\tomcat-embed-core\9.0.52\tomcat-embed-core-9.0.52.jar;E:\IDEA\maven\LocalRepository\org\apache\tomcat\embed\tomcat-embed-websocket\9.0.52\tomcat-embed-websocket-9.0.52.jar;E:\IDEA\maven\LocalRepository\org\springframework\spring-web\5.3.9\spring-web-5.3.9.jar;E:\IDEA\maven\LocalRepository\org\springframework\spring-webmvc\5.3.9\spring-webmvc-5.3.9.jar;E:\IDEA\maven\LocalRepository\org\springframework\spring-aop\5.3.9\spring-aop-5.3.9.jar;E:\IDEA\maven\LocalRepository\org\springframework\spring-context\5.3.9\spring-context-5.3.9.jar;E:\IDEA\maven\LocalRepository\org\springframework\spring-expression\5.3.9\spring-expression-5.3.9.jar;E:\IDEA\maven\LocalRepository\org\springframework\boot\spring-boot-devtools\2.5.4\spring-boot-devtools-2.5.4.jar;E:\IDEA\maven\LocalRepository\org\springframework\boot\spring-boot\2.5.4\spring-boot-2.5.4.jar;E:\IDEA\maven\LocalRepository\org\springframework\boot\spring-boot-autoconfigure\2.5.4\spring-boot-autoconfigure-2.5.4.jar;E:\IDEA\maven\LocalRepository\org\springframework\spring-aspects\5.3.9\spring-aspects-5.3.9.jar;E:\IDEA\maven\LocalRepository\org\aspectj\aspectjweaver\1.9.7\aspectjweaver-1.9.7.jar;E:\IDEA\maven\LocalRepository\mysql\mysql-connector-java\8.0.26\mysql-connector-java-8.0.26.jar;E:\IDEA\maven\LocalRepository\org\springframework\boot\spring-boot-starter-data-jpa\2.5.4\spring-boot-starter-data-jpa-2.5.4.jar;E:\IDEA\maven\LocalRepository\org\springframework\boot\spring-boot-starter-aop\2.5.4\spring-boot-starter-aop-2.5.4.jar;E:\IDEA\maven\LocalRepository\jakarta\transaction\jakarta.transaction-api\1.3.3\jakarta.transaction-api-1.3.3.jar;E:\IDEA\maven\LocalRepository\jakarta\persistence\jakarta.persistence-api\2.2.3\jakarta.persistence-api-2.2.3.jar;E:\IDEA\maven\LocalRepository\org\hibernate\hibernate-core\5.4.32.Final\hibernate-core-5.4.32.Final.jar;E:\IDEA\maven\LocalRepository\org\jboss\logging\jboss-logging\3.4.2.Final\jboss-logging-3.4.2.Final.jar;E:\IDEA\maven\LocalRepository\org\javassist\javassist\3.27.0-GA\javassist-3.27.0-GA.jar;E:\IDEA\maven\LocalRepository\net\bytebuddy\byte-buddy\1.10.22\byte-buddy-1.10.22.jar;E:\IDEA\maven\LocalRepository\antlr\antlr\2.7.7\antlr-2.7.7.jar;E:\IDEA\maven\LocalRepository\org\jboss\jandex\2.2.3.Final\jandex-2.2.3.Final.jar;E:\IDEA\maven\LocalRepository\com\fasterxml\classmate\1.5.1\classmate-1.5.1.jar;E:\IDEA\maven\LocalRepository\org\dom4j\dom4j\2.1.3\dom4j-2.1.3.jar;E:\IDEA\maven\LocalRepository\org\hibernate\common\hibernate-commons-annotations\5.1.2.Final\hibernate-commons-annotations-5.1.2.Final.jar;E:\IDEA\maven\LocalRepository\org\glassfish\jaxb\jaxb-runtime\2.3.5\jaxb-runtime-2.3.5.jar;E:\IDEA\maven\LocalRepository\org\glassfish\jaxb\txw2\2.3.5\txw2-2.3.5.jar;E:\IDEA\maven\LocalRepository\com\sun\istack\istack-commons-runtime\3.0.12\istack-commons-runtime-3.0.12.jar;E:\IDEA\maven\LocalRepository\com\sun\activation\jakarta.activation\1.2.2\jakarta.activation-1.2.2.jar;E:\IDEA\maven\LocalRepository\org\springframework\data\spring-data-jpa\2.5.4\spring-data-jpa-2.5.4.jar;E:\IDEA\maven\LocalRepository\org\springframework\data\spring-data-commons\2.5.4\spring-data-commons-2.5.4.jar;E:\IDEA\maven\LocalRepository\org\springframework\spring-orm\5.3.9\spring-orm-5.3.9.jar;E:\IDEA\maven\LocalRepository\org\springframework\boot\spring-boot-starter-validation\2.5.4\spring-boot-starter-validation-2.5.4.jar;E:\IDEA\maven\LocalRepository\org\apache\tomcat\embed\tomcat-embed-el\9.0.52\tomcat-embed-el-9.0.52.jar;E:\IDEA\maven\LocalRepository\org\hibernate\validator\hibernate-validator\6.2.0.Final\hibernate-validator-6.2.0.Final.jar;E:\IDEA\maven\LocalRepository\jakarta\validation\jakarta.validation-api\2.0.2\jakarta.validation-api-2.0.2.jar;E:\IDEA\maven\LocalRepository\org\projectlombok\lombok\1.18.20\lombok-1.18.20.jar;E:\IDEA\maven\LocalRepository\org\commonmark\commonmark\0.18.0\commonmark-0.18.0.jar;E:\IDEA\maven\LocalRepository\org\commonmark\commonmark-ext-gfm-tables\0.18.0\commonmark-ext-gfm-tables-0.18.0.jar;E:\IDEA\maven\LocalRepository\org\commonmark\commonmark-ext-heading-anchor\0.17.0\commonmark-ext-heading-anchor-0.17.0.jar;E:\IDEA\maven\LocalRepository\org\springframework\boot\spring-boot-starter-test\2.5.4\spring-boot-starter-test-2.5.4.jar;E:\IDEA\maven\LocalRepository\org\springframework\boot\spring-boot-test\2.5.4\spring-boot-test-2.5.4.jar;E:\IDEA\maven\LocalRepository\org\springframework\boot\spring-boot-test-autoconfigure\2.5.4\spring-boot-test-autoconfigure-2.5.4.jar;E:\IDEA\maven\LocalRepository\com\jayway\jsonpath\json-path\2.5.0\json-path-2.5.0.jar;E:\IDEA\maven\LocalRepository\net\minidev\json-smart\2.4.7\json-smart-2.4.7.jar;E:\IDEA\maven\LocalRepository\net\minidev\accessors-smart\2.4.7\accessors-smart-2.4.7.jar;E:\IDEA\maven\LocalRepository\org\ow2\asm\asm\9.1\asm-9.1.jar;E:\IDEA\maven\LocalRepository\jakarta\xml\bind\jakarta.xml.bind-api\2.3.3\jakarta.xml.bind-api-2.3.3.jar;E:\IDEA\maven\LocalRepository\jakarta\activation\jakarta.activation-api\1.2.2\jakarta.activation-api-1.2.2.jar;E:\IDEA\maven\LocalRepository\org\assertj\assertj-core\3.19.0\assertj-core-3.19.0.jar;E:\IDEA\maven\LocalRepository\org\hamcrest\hamcrest\2.2\hamcrest-2.2.jar;E:\IDEA\maven\LocalRepository\org\junit\jupiter\junit-jupiter\5.7.2\junit-jupiter-5.7.2.jar;E:\IDEA\maven\LocalRepository\org\junit\jupiter\junit-jupiter-api\5.7.2\junit-jupiter-api-5.7.2.jar;E:\IDEA\maven\LocalRepository\org\apiguardian\apiguardian-api\1.1.0\apiguardian-api-1.1.0.jar;E:\IDEA\maven\LocalRepository\org\opentest4j\opentest4j\1.2.0\opentest4j-1.2.0.jar;E:\IDEA\maven\LocalRepository\org\junit\platform\junit-platform-commons\1.7.2\junit-platform-commons-1.7.2.jar;E:\IDEA\maven\LocalRepository\org\junit\jupiter\junit-jupiter-params\5.7.2\junit-jupiter-params-5.7.2.jar;E:\IDEA\maven\LocalRepository\org\junit\jupiter\junit-jupiter-engine\5.7.2\junit-jupiter-engine-5.7.2.jar;E:\IDEA\maven\LocalRepository\org\junit\platform\junit-platform-engine\1.7.2\junit-platform-engine-1.7.2.jar;E:\IDEA\maven\LocalRepository\org\mockito\mockito-core\3.9.0\mockito-core-3.9.0.jar;E:\IDEA\maven\LocalRepository\net\bytebuddy\byte-buddy-agent\1.10.22\byte-buddy-agent-1.10.22.jar;E:\IDEA\maven\LocalRepository\org\objenesis\objenesis\3.2\objenesis-3.2.jar;E:\IDEA\maven\LocalRepository\org\mockito\mockito-junit-jupiter\3.9.0\mockito-junit-jupiter-3.9.0.jar;E:\IDEA\maven\LocalRepository\org\skyscreamer\jsonassert\1.5.0\jsonassert-1.5.0.jar;E:\IDEA\maven\LocalRepository\com\vaadin\external\google\android-json\0.0.20131108.vaadin1\android-json-0.0.20131108.vaadin1.jar;E:\IDEA\maven\LocalRepository\org\springframework\spring-core\5.3.9\spring-core-5.3.9.jar;E:\IDEA\maven\LocalRepository\org\springframework\spring-jcl\5.3.9\spring-jcl-5.3.9.jar;E:\IDEA\maven\LocalRepository\org\springframework\spring-test\5.3.9\spring-test-5.3.9.jar;E:\IDEA\maven\LocalRepository\org\xmlunit\xmlunit-core\2.8.2\xmlunit-core-2.8.2.jar;E:\IDEA\maven\LocalRepository\com\atlassian\commonmark\commonmark-ext-gfm-tables\0.12.1\commonmark-ext-gfm-tables-0.12.1.jar;E:\IDEA\maven\LocalRepository\com\atlassian\commonmark\commonmark\0.12.1\commonmark-0.12.1.jar;"/>
    <property name="sun.cpu.endian" value="little"/>
    <property name="user.home" value="C:\Users\86152"/>
    <property name="user.language" value="zh"/>
    <property name="java.specification.vendor" value="Oracle Corporation"/>
    <property name="java.version.date" value="2021-01-19"/>
    <property name="java.home" value="D:\Studydata\java\jdk-11.0.10"/>
    <property name="file.separator" value="\"/>
    <property name="basedir" value="D:\Studydata\workspace\ideaWorkSpace\JavaStudy\code\springboot-projects\blog"/>
    <property name="java.vm.compressedOopsMode" value="32-bit"/>
    <property name="line.separator" value="&#10;"/>
    <property name="java.specification.name" value="Java Platform API Specification"/>
    <property name="java.vm.specification.vendor" value="Oracle Corporation"/>
    <property name="java.awt.graphicsenv" value="sun.awt.Win32GraphicsEnvironment"/>
    <property name="surefire.real.class.path" value="C:\Users\86152\AppData\Local\Temp\surefire623330604737918718\surefirebooter12410274443338725619.jar"/>
    <property name="user.script" value=""/>
    <property name="sun.management.compiler" value="HotSpot 64-Bit Tiered Compilers"/>
    <property name="java.runtime.version" value="11.0.10+8-LTS-162"/>
    <property name="user.name" value="86152"/>
    <property name="path.separator" value=";"/>
    <property name="os.version" value="10.0"/>
    <property name="java.runtime.name" value="Java(TM) SE Runtime Environment"/>
    <property name="file.encoding" value="GBK"/>
    <property name="java.vm.name" value="Java HotSpot(TM) 64-Bit Server VM"/>
    <property name="java.vendor.version" value="18.9"/>
    <property name="localRepository" value="E:\IDEA\maven\LocalRepository"/>
    <property name="java.vendor.url.bug" value="https://bugreport.java.com/bugreport/"/>
    <property name="java.io.tmpdir" value="C:\Users\86152\AppData\Local\Temp\"/>
    <property name="idea.version" value="2021.1"/>
    <property name="java.version" value="11.0.10"/>
    <property name="user.dir" value="D:\Studydata\workspace\ideaWorkSpace\JavaStudy\code\springboot-projects\blog"/>
    <property name="os.arch" value="amd64"/>
    <property name="java.vm.specification.name" value="Java Virtual Machine Specification"/>
    <property name="java.awt.printerjob" value="sun.awt.windows.WPrinterJob"/>
    <property name="sun.os.patch.level" value=""/>
    <property name="java.library.path" value="D:\Studydata\java\jdk-11.0.10\bin;C:\WINDOWS\Sun\Java\bin;C:\WINDOWS\system32;C:\WINDOWS;E:\software\Linux\VMware16\VMware Workstation\bin\;C:\Windows\system32;C:\Windows;C:\Windows\System32\Wbem;C:\Windows\System32\WindowsPowerShell\v1.0\;C:\Windows\System32\OpenSSH\;C:\Program Files (x86)\NVIDIA Corporation\PhysX\Common;C:\Program Files\NVIDIA Corporation\NVIDIA NvDLISR;C:\WINDOWS\system32;C:\WINDOWS;C:\WINDOWS\System32\Wbem;C:\WINDOWS\System32\WindowsPowerShell\v1.0\;C:\WINDOWS\System32\OpenSSH\;C:\Program Files\Microsoft SQL Server\110\DTS\Binn\;C:\Program Files (x86)\Microsoft SQL Server\110\Tools\Binn\;C:\Program Files\Microsoft SQL Server\110\Tools\Binn\;C:\Program Files (x86)\Microsoft SQL Server\110\Tools\Binn\ManagementStudio\;C:\Program Files (x86)\Microsoft Visual Studio 10.0\Common7\IDE\PrivateAssemblies\;C:\Program Files (x86)\Microsoft SQL Server\110\DTS\Binn\;D:\Studydata\VSCode\Microsoft VS Code\bin;D:\Studydata\java\jdk-11.0.10\bin;D:\Studydata\java\jdk-11.0.10\jre\bin;C:\Program Files\Microsoft VS Code\bin;D:\FunctionApps\Git\cmd;D:\Environments\Nodejs\;D:\Environments\Python;E:\software\Android\Android SDK\platform-tools;E:\software\develops\VisualSVN-Server-4.2.2\bin;E:\software\develops\TortoiseSVN-1.14.0\bin;D:\Bandizip\;C:\Users\86152\AppData\Roaming\npm;C:\Users\86152\AppData\Local\Microsoft\WindowsApps;."/>
    <property name="java.vendor" value="Oracle Corporation"/>
    <property name="java.vm.info" value="mixed mode"/>
    <property name="java.vm.version" value="11.0.10+8-LTS-162"/>
    <property name="sun.io.unicode.encoding" value="UnicodeLittle"/>
    <property name="maven.repo.local" value="E:\IDEA\maven\LocalRepository"/>
    <property name="java.class.version" value="55.0"/>
  </properties>
  <testcase name="contextLoads" classname="com.zgz.BlogApplicationTests" time="0.164"/>
</testsuite>